[30.008s] Invoking command in '/home/carlos/bravo5_cp_ws/src/build/bravo_cathode_protection': CMAKE_PREFIX_PATH=${CMAKE_PREFIX_PATH}:/opt/ros/humble /usr/bin/cmake --build /home/carlos/bravo5_cp_ws/src/build/bravo_cathode_protection -- -j20 -l20
[30.051s] -- Found ament_cmake: 1.3.12 (/opt/ros/humble/share/ament_cmake/cmake)
[30.141s] -- Found rclcpp: 16.0.15 (/opt/ros/humble/share/rclcpp/cmake)
[30.172s] -- Found rosidl_generator_c: 3.1.7 (/opt/ros/humble/share/rosidl_generator_c/cmake)
[30.173s] -- Found rosidl_adapter: 3.1.7 (/opt/ros/humble/share/rosidl_adapter/cmake)
[30.179s] -- Found rosidl_generator_cpp: 3.1.7 (/opt/ros/humble/share/rosidl_generator_cpp/cmake)
[30.187s] -- Using all available rosidl_typesupport_c: rosidl_typesupport_fastrtps_c;rosidl_typesupport_introspection_c
[30.198s] -- Using all available rosidl_typesupport_cpp: rosidl_typesupport_fastrtps_cpp;rosidl_typesupport_introspection_cpp
[30.227s] -- Found rmw_implementation_cmake: 6.1.2 (/opt/ros/humble/share/rmw_implementation_cmake/cmake)
[30.229s] -- Found rmw_fastrtps_cpp: 6.2.8 (/opt/ros/humble/share/rmw_fastrtps_cpp/cmake)
[30.321s] -- Using RMW implementation 'rmw_fastrtps_cpp' as default
[30.362s] -- pinocchio_default FOUND. pinocchio_default at /opt/openrobots/lib/libpinocchio_default.so
[30.362s] -- pinocchio_parsers FOUND. pinocchio_parsers at /opt/openrobots/lib/libpinocchio_parsers.so
[30.362s] -- pinocchio_casadi FOUND. pinocchio_casadi at /opt/openrobots/lib/libpinocchio_casadi.so
[30.363s] -- boost_filesystem FOUND. boost_filesystem at /usr/lib/x86_64-linux-gnu/libboost_filesystem.so
[30.364s] -- boost_serialization FOUND. boost_serialization at /usr/lib/x86_64-linux-gnu/libboost_serialization.so
[30.364s] -- boost_system FOUND. boost_system at /usr/lib/x86_64-linux-gnu/libboost_system.so
[30.373s] -- Found Boost: /usr/include (found version "1.74.0") found components: filesystem serialization system 
[30.374s] CMake Warning at /opt/openrobots/lib/cmake/hpp-fcl/hpp-fclConfig.cmake:3 (message):
[30.374s]   Please update your CMake from 'hpp-fcl' to 'coal'
[30.374s] Call Stack (most recent call first):
[30.374s]   /usr/share/cmake-3.22/Modules/CMakeFindDependencyMacro.cmake:47 (find_package)
[30.374s]   /opt/openrobots/lib/cmake/pinocchio/pinocchioConfig.cmake:161 (find_dependency)
[30.374s]   CMakeLists.txt:24 (find_package)
[30.374s] 
[30.374s] 
[30.375s] -- coal FOUND. coal at /opt/openrobots/lib/libcoal.so
[30.383s] -- Found Boost: /usr/include (found version "1.74.0") found components: chrono thread date_time serialization filesystem atomic 
[30.664s] -- Default C++ standard: 202002
[30.664s] -- C++ standard sufficient: Minimal required 11, currently defined: 20
[30.665s] -- C++ standard sufficient: Minimal required 11, currently defined: 20
[30.666s] -- Found sensor_msgs: 4.9.0 (/opt/ros/humble/share/sensor_msgs/cmake)
[30.698s] -- Found ament_lint_auto: 0.12.14 (/opt/ros/humble/share/ament_lint_auto/cmake)
[30.752s] -- Configuring done
[30.780s] -- Generating done
[30.789s] -- Build files have been written to: /home/carlos/bravo5_cp_ws/src/build/bravo_cathode_protection
[30.815s] Consolidate compiler generated dependencies of target stiffness_control_position
[30.820s] Consolidate compiler generated dependencies of target airbus_joystick
[30.823s] Consolidate compiler generated dependencies of target kinodynamics_manipulator
[30.828s] [  8%] Built target stiffness_control_position
[30.830s] Consolidate compiler generated dependencies of target bravo_handler_v2
[30.847s] [ 16%] Built target airbus_joystick
[30.858s] [ 24%] Built target kinodynamics_manipulator
[30.859s] [ 60%] Built target bravo_handler_v2
[30.878s] Consolidate compiler generated dependencies of target bravo5_cp_mobile_axis_hybrid
[30.878s] Consolidate compiler generated dependencies of target bravo5_cp_mobile_axis
[30.878s] [ 64%] Building CXX object CMakeFiles/bravo5_cp_mobile_axis_hybrid2.dir/src/bravo5_cp_mobile_axis_hybrid2.cpp.o
[30.883s] Consolidate compiler generated dependencies of target bravo5_cp_fixed_axis
[30.885s] Consolidate compiler generated dependencies of target bravo5_gravity_and_joint_friction_identification
[30.895s] [ 72%] Built target bravo5_cp_mobile_axis
[30.900s] [ 88%] Built target bravo5_cp_fixed_axis
[30.900s] [ 88%] Built target bravo5_cp_mobile_axis_hybrid
[30.908s] [ 96%] Built target bravo5_gravity_and_joint_friction_identification
[33.702s] In file included from /opt/openrobots/include/hpp/fcl/config.hh:1,
[33.702s]                  from /opt/openrobots/include/pinocchio/serialization/eigen.hpp:20,
[33.702s]                  from /opt/openrobots/include/pinocchio/serialization/fwd.hpp:11,
[33.702s]                  from /opt/openrobots/include/pinocchio/multibody/joint/joint-composite.hpp:14,
[33.702s]                  from /opt/openrobots/include/pinocchio/multibody/joint/joint-generic.hpp:9,
[33.702s]                  from /opt/openrobots/include/pinocchio/multibody/model.hpp:17,
[33.702s]                  from /opt/openrobots/include/pinocchio/parsers/urdf.hpp:9,
[33.702s]                  from /home/carlos/bravo5_cp_ws/src/bravo_cathode_protection/include/bravo_cathode_protection/bravo_cpp/serial_manipulator/kinodynamics_manipulator.h:30,
[33.702s]                  from /home/carlos/bravo5_cp_ws/src/bravo_cathode_protection/include/bravo_cathode_protection/bravo_cpp/bravo_handler/bravo_handler_v2.h:28,
[33.702s]                  from /home/carlos/bravo5_cp_ws/src/bravo_cathode_protection/src/bravo5_cp_mobile_axis_hybrid2.cpp:16:
[33.702s] /opt/openrobots/include/hpp/fcl/coal.hpp:10:71: note: ‘#pragma message: Please update your includes from 'hpp/fcl' to 'coal'’
[33.703s]    10 | #pragma message("Please update your includes from 'hpp/fcl' to 'coal'")
[33.703s]       |                                                                       ^
[56.995s] [100%] Linking CXX executable bravo5_cp_mobile_axis_hybrid2
[57.984s] [100%] Built target bravo5_cp_mobile_axis_hybrid2
[57.993s] Invoked command in '/home/carlos/bravo5_cp_ws/src/build/bravo_cathode_protection' returned '0': CMAKE_PREFIX_PATH=${CMAKE_PREFIX_PATH}:/opt/ros/humble /usr/bin/cmake --build /home/carlos/bravo5_cp_ws/src/build/bravo_cathode_protection -- -j20 -l20
[58.001s] Invoking command in '/home/carlos/bravo5_cp_ws/src/build/bravo_cathode_protection': CMAKE_PREFIX_PATH=${CMAKE_PREFIX_PATH}:/opt/ros/humble /usr/bin/cmake --install /home/carlos/bravo5_cp_ws/src/build/bravo_cathode_protection
[58.008s] -- Install configuration: ""
[58.008s] -- Up-to-date: /home/carlos/bravo5_cp_ws/src/install/bravo_cathode_protection/include
[58.009s] -- Up-to-date: /home/carlos/bravo5_cp_ws/src/install/bravo_cathode_protection/include/bravo_cathode_protection
[58.009s] -- Up-to-date: /home/carlos/bravo5_cp_ws/src/install/bravo_cathode_protection/include/bravo_cathode_protection/bravo_cpp
[58.009s] -- Up-to-date: /home/carlos/bravo5_cp_ws/src/install/bravo_cathode_protection/include/bravo_cathode_protection/bravo_cpp/joysticks
[58.009s] -- Up-to-date: /home/carlos/bravo5_cp_ws/src/install/bravo_cathode_protection/include/bravo_cathode_protection/bravo_cpp/joysticks/airbus_joystick.cpp
[58.009s] -- Up-to-date: /home/carlos/bravo5_cp_ws/src/install/bravo_cathode_protection/include/bravo_cathode_protection/bravo_cpp/joysticks/airbus_joystick.h
[58.009s] -- Up-to-date: /home/carlos/bravo5_cp_ws/src/install/bravo_cathode_protection/include/bravo_cathode_protection/bravo_cpp/bravo_io_v2
[58.009s] -- Up-to-date: /home/carlos/bravo5_cp_ws/src/install/bravo_cathode_protection/include/bravo_cathode_protection/bravo_cpp/bravo_io_v2/bravo_diagnosis.cpp
[58.010s] -- Up-to-date: /home/carlos/bravo5_cp_ws/src/install/bravo_cathode_protection/include/bravo_cathode_protection/bravo_cpp/bravo_io_v2/bravo_req_paquets.cpp
[58.010s] -- Up-to-date: /home/carlos/bravo5_cp_ws/src/install/bravo_cathode_protection/include/bravo_cathode_protection/bravo_cpp/bravo_io_v2/bplprotocol_unite.cpp
[58.010s] -- Up-to-date: /home/carlos/bravo5_cp_ws/src/install/bravo_cathode_protection/include/bravo_cathode_protection/bravo_cpp/bravo_io_v2/packetID.h
[58.010s] -- Up-to-date: /home/carlos/bravo5_cp_ws/src/install/bravo_cathode_protection/include/bravo_cathode_protection/bravo_cpp/bravo_io_v2/bravo_udp_v2.h
[58.010s] -- Up-to-date: /home/carlos/bravo5_cp_ws/src/install/bravo_cathode_protection/include/bravo_cathode_protection/bravo_cpp/bravo_io_v2/bravo_udp_v2.cpp
[58.010s] -- Up-to-date: /home/carlos/bravo5_cp_ws/src/install/bravo_cathode_protection/include/bravo_cathode_protection/bravo_cpp/bravo_io_v2/bravo_process_fdb.cpp
[58.010s] -- Up-to-date: /home/carlos/bravo5_cp_ws/src/install/bravo_cathode_protection/include/bravo_cathode_protection/bravo_cpp/bravo_io_v2/bplprotocol_unite.h
[58.010s] -- Up-to-date: /home/carlos/bravo5_cp_ws/src/install/bravo_cathode_protection/include/bravo_cathode_protection/bravo_cpp/serial_manipulator
[58.010s] -- Up-to-date: /home/carlos/bravo5_cp_ws/src/install/bravo_cathode_protection/include/bravo_cathode_protection/bravo_cpp/serial_manipulator/kinodynamics_manipulator.h
[58.010s] -- Up-to-date: /home/carlos/bravo5_cp_ws/src/install/bravo_cathode_protection/include/bravo_cathode_protection/bravo_cpp/serial_manipulator/kinodynamics_manipulator.cpp
[58.010s] -- Up-to-date: /home/carlos/bravo5_cp_ws/src/install/bravo_cathode_protection/include/bravo_cathode_protection/bravo_cpp/bravo_handler
[58.010s] -- Up-to-date: /home/carlos/bravo5_cp_ws/src/install/bravo_cathode_protection/include/bravo_cathode_protection/bravo_cpp/bravo_handler/bravo_handler_v2.cpp
[58.010s] -- Up-to-date: /home/carlos/bravo5_cp_ws/src/install/bravo_cathode_protection/include/bravo_cathode_protection/bravo_cpp/bravo_handler/bravo_handler_v2.h
[58.011s] -- Up-to-date: /home/carlos/bravo5_cp_ws/src/install/bravo_cathode_protection/include/bravo_cathode_protection/bravo_cpp/interaction
[58.011s] -- Up-to-date: /home/carlos/bravo5_cp_ws/src/install/bravo_cathode_protection/include/bravo_cathode_protection/bravo_cpp/interaction/stiffness_control_position.h
[58.011s] -- Up-to-date: /home/carlos/bravo5_cp_ws/src/install/bravo_cathode_protection/include/bravo_cathode_protection/bravo_cpp/interaction/stiffness_control_position.cpp
[58.011s] -- Up-to-date: /home/carlos/bravo5_cp_ws/src/install/bravo_cathode_protection/include/bravo_cathode_protection/bravo_cpp/utils
[58.011s] -- Up-to-date: /home/carlos/bravo5_cp_ws/src/install/bravo_cathode_protection/include/bravo_cathode_protection/bravo_cpp/utils/bravo_dashboard.h
[58.011s] -- Up-to-date: /home/carlos/bravo5_cp_ws/src/install/bravo_cathode_protection/include/bravo_cathode_protection/bravo_cpp/utils/bravo_logger.cpp
[58.011s] -- Up-to-date: /home/carlos/bravo5_cp_ws/src/install/bravo_cathode_protection/include/bravo_cathode_protection/bravo_cpp/utils/bravo_logger.h
[58.011s] -- Up-to-date: /home/carlos/bravo5_cp_ws/src/install/bravo_cathode_protection/include/bravo_cathode_protection/bravo_cpp/utils/utils.h
[58.011s] -- Up-to-date: /home/carlos/bravo5_cp_ws/src/install/bravo_cathode_protection/include/bravo_cathode_protection/bravo_cpp/utils/utils.cpp
[58.011s] -- Up-to-date: /home/carlos/bravo5_cp_ws/src/install/bravo_cathode_protection/include/bravo_cathode_protection/bravo_cpp/utils/bravo_dashboard.cpp
[58.011s] -- Up-to-date: /home/carlos/bravo5_cp_ws/src/install/bravo_cathode_protection/share/bravo_cathode_protection/config
[58.011s] -- Up-to-date: /home/carlos/bravo5_cp_ws/src/install/bravo_cathode_protection/share/bravo_cathode_protection/config/program_params
[58.011s] -- Up-to-date: /home/carlos/bravo5_cp_ws/src/install/bravo_cathode_protection/share/bravo_cathode_protection/config/program_params/bravo5_cp_fixed_axis_runtime.yaml
[58.011s] -- Up-to-date: /home/carlos/bravo5_cp_ws/src/install/bravo_cathode_protection/share/bravo_cathode_protection/config/program_params/bravo5_cp_mobile_axis_runtime.yaml
[58.011s] -- Up-to-date: /home/carlos/bravo5_cp_ws/src/install/bravo_cathode_protection/share/bravo_cathode_protection/config/joint_friction_params
[58.011s] -- Up-to-date: /home/carlos/bravo5_cp_ws/src/install/bravo_cathode_protection/share/bravo_cathode_protection/config/joint_friction_params/joint_friction_bravo5.yaml
[58.011s] -- Up-to-date: /home/carlos/bravo5_cp_ws/src/install/bravo_cathode_protection/share/bravo_cathode_protection/config/stiff_control_params
[58.012s] -- Up-to-date: /home/carlos/bravo5_cp_ws/src/install/bravo_cathode_protection/share/bravo_cathode_protection/config/stiff_control_params/FAST_STRONG.json
[58.012s] -- Up-to-date: /home/carlos/bravo5_cp_ws/src/install/bravo_cathode_protection/share/bravo_cathode_protection/config/stiff_control_params/FAST_WEAK.json
[58.012s] -- Up-to-date: /home/carlos/bravo5_cp_ws/src/install/bravo_cathode_protection/share/bravo_cathode_protection/config/stiff_control_params/SLOW_STRONG.json
[58.012s] -- Up-to-date: /home/carlos/bravo5_cp_ws/src/install/bravo_cathode_protection/share/bravo_cathode_protection/config/stiff_control_params/SLOW_WEAK.json
[58.012s] -- Up-to-date: /home/carlos/bravo5_cp_ws/src/install/bravo_cathode_protection/share/bravo_cathode_protection/config/stiff_control_params/WEAK_LOW_STIFF.json
[58.012s] -- Up-to-date: /home/carlos/bravo5_cp_ws/src/install/bravo_cathode_protection/share/bravo_cathode_protection/config/stiff_control_params/bravo5_cp_compliance_fixed_axis.yaml
[58.012s] -- Up-to-date: /home/carlos/bravo5_cp_ws/src/install/bravo_cathode_protection/share/bravo_cathode_protection/config/stiff_control_params/bravo5_cp_compliance_mobile_axis.yaml
[58.012s] -- Up-to-date: /home/carlos/bravo5_cp_ws/src/install/bravo_cathode_protection/share/bravo_cathode_protection/rviz
[58.012s] -- Up-to-date: /home/carlos/bravo5_cp_ws/src/install/bravo_cathode_protection/share/bravo_cathode_protection/rviz/bravo5_cp.rviz
[58.012s] -- Up-to-date: /home/carlos/bravo5_cp_ws/src/install/bravo_cathode_protection/share/bravo_cathode_protection/urdf
[58.012s] -- Up-to-date: /home/carlos/bravo5_cp_ws/src/install/bravo_cathode_protection/share/bravo_cathode_protection/urdf/bravo_5_dynamics_pinocchio_cp.urdf
[58.012s] -- Up-to-date: /home/carlos/bravo5_cp_ws/src/install/bravo_cathode_protection/share/bravo_cathode_protection/meshes
[58.012s] -- Up-to-date: /home/carlos/bravo5_cp_ws/src/install/bravo_cathode_protection/share/bravo_cathode_protection/meshes/RS2-266_convex_hull.stl
[58.012s] -- Up-to-date: /home/carlos/bravo5_cp_ws/src/install/bravo_cathode_protection/share/bravo_cathode_protection/meshes/RS2-217_convex_hull.stl
[58.012s] -- Up-to-date: /home/carlos/bravo5_cp_ws/src/install/bravo_cathode_protection/share/bravo_cathode_protection/meshes/RS2-217.stl
[58.012s] -- Up-to-date: /home/carlos/bravo5_cp_ws/src/install/bravo_cathode_protection/share/bravo_cathode_protection/meshes/RS2-268_convex_hull.stl
[58.013s] -- Up-to-date: /home/carlos/bravo5_cp_ws/src/install/bravo_cathode_protection/share/bravo_cathode_protection/meshes/RS2-266.stl
[58.013s] -- Up-to-date: /home/carlos/bravo5_cp_ws/src/install/bravo_cathode_protection/share/bravo_cathode_protection/meshes/RS2-250-212-214.stl
[58.013s] -- Up-to-date: /home/carlos/bravo5_cp_ws/src/install/bravo_cathode_protection/share/bravo_cathode_protection/meshes/RS2-180_convex_hull.stl
[58.013s] -- Up-to-date: /home/carlos/bravo5_cp_ws/src/install/bravo_cathode_protection/share/bravo_cathode_protection/meshes/RS2-268.stl
[58.013s] -- Up-to-date: /home/carlos/bravo5_cp_ws/src/install/bravo_cathode_protection/share/bravo_cathode_protection/meshes/end_effectors
[58.013s] -- Up-to-date: /home/carlos/bravo5_cp_ws/src/install/bravo_cathode_protection/share/bravo_cathode_protection/meshes/end_effectors/contact_sphere_convex_hull.stl
[58.013s] -- Up-to-date: /home/carlos/bravo5_cp_ws/src/install/bravo_cathode_protection/share/bravo_cathode_protection/meshes/end_effectors/contact_sphere.stl
[58.013s] -- Up-to-date: /home/carlos/bravo5_cp_ws/src/install/bravo_cathode_protection/share/bravo_cathode_protection/meshes/RS2-180.stl
[58.013s] -- Up-to-date: /home/carlos/bravo5_cp_ws/src/install/bravo_cathode_protection/share/bravo_cathode_protection/meshes/RS2-250-212-214_convex_hull.stl
[58.013s] -- Up-to-date: /home/carlos/bravo5_cp_ws/src/install/bravo_cathode_protection/share/bravo_cathode_protection
[58.013s] -- Up-to-date: /home/carlos/bravo5_cp_ws/src/install/bravo_cathode_protection/share/bravo_cathode_protection/view_bravo_5.launch.py
[58.013s] -- Up-to-date: /home/carlos/bravo5_cp_ws/src/install/bravo_cathode_protection/lib/libairbus_joystick.so
[58.013s] -- Up-to-date: /home/carlos/bravo5_cp_ws/src/install/bravo_cathode_protection/share/bravo_cathode_protection/environment/library_path.sh
[58.013s] -- Installing: /home/carlos/bravo5_cp_ws/src/install/bravo_cathode_protection/share/bravo_cathode_protection/environment/library_path.dsv
[58.013s] -- Up-to-date: /home/carlos/bravo5_cp_ws/src/install/bravo_cathode_protection/lib/libbravo_handler_v2.so
[58.013s] -- Up-to-date: /home/carlos/bravo5_cp_ws/src/install/bravo_cathode_protection/lib/libkinodynamics_manipulator.so
[58.013s] -- Up-to-date: /home/carlos/bravo5_cp_ws/src/install/bravo_cathode_protection/lib/libstiffness_control_position.so
[58.013s] -- Up-to-date: /home/carlos/bravo5_cp_ws/src/install/bravo_cathode_protection/lib/bravo_cathode_protection/bravo5_gravity_and_joint_friction_identification
[58.014s] -- Up-to-date: /home/carlos/bravo5_cp_ws/src/install/bravo_cathode_protection/lib/bravo_cathode_protection/bravo5_cp_fixed_axis
[58.014s] -- Up-to-date: /home/carlos/bravo5_cp_ws/src/install/bravo_cathode_protection/lib/bravo_cathode_protection/bravo5_cp_mobile_axis
[58.014s] -- Up-to-date: /home/carlos/bravo5_cp_ws/src/install/bravo_cathode_protection/lib/bravo_cathode_protection/bravo5_cp_mobile_axis_hybrid
[58.014s] -- Installing: /home/carlos/bravo5_cp_ws/src/install/bravo_cathode_protection/lib/bravo_cathode_protection/bravo5_cp_mobile_axis_hybrid2
[58.022s] -- Set runtime path of "/home/carlos/bravo5_cp_ws/src/install/bravo_cathode_protection/lib/bravo_cathode_protection/bravo5_cp_mobile_axis_hybrid2" to ""
[58.022s] -- Up-to-date: /home/carlos/bravo5_cp_ws/src/install/bravo_cathode_protection/share/ament_index/resource_index/package_run_dependencies/bravo_cathode_protection
[58.022s] -- Up-to-date: /home/carlos/bravo5_cp_ws/src/install/bravo_cathode_protection/share/ament_index/resource_index/parent_prefix_path/bravo_cathode_protection
[58.022s] -- Up-to-date: /home/carlos/bravo5_cp_ws/src/install/bravo_cathode_protection/share/bravo_cathode_protection/environment/ament_prefix_path.sh
[58.022s] -- Installing: /home/carlos/bravo5_cp_ws/src/install/bravo_cathode_protection/share/bravo_cathode_protection/environment/ament_prefix_path.dsv
[58.022s] -- Up-to-date: /home/carlos/bravo5_cp_ws/src/install/bravo_cathode_protection/share/bravo_cathode_protection/environment/path.sh
[58.022s] -- Installing: /home/carlos/bravo5_cp_ws/src/install/bravo_cathode_protection/share/bravo_cathode_protection/environment/path.dsv
[58.023s] -- Up-to-date: /home/carlos/bravo5_cp_ws/src/install/bravo_cathode_protection/share/bravo_cathode_protection/local_setup.bash
[58.023s] -- Up-to-date: /home/carlos/bravo5_cp_ws/src/install/bravo_cathode_protection/share/bravo_cathode_protection/local_setup.sh
[58.023s] -- Up-to-date: /home/carlos/bravo5_cp_ws/src/install/bravo_cathode_protection/share/bravo_cathode_protection/local_setup.zsh
[58.023s] -- Installing: /home/carlos/bravo5_cp_ws/src/install/bravo_cathode_protection/share/bravo_cathode_protection/local_setup.dsv
[58.023s] -- Installing: /home/carlos/bravo5_cp_ws/src/install/bravo_cathode_protection/share/bravo_cathode_protection/package.dsv
[58.023s] -- Up-to-date: /home/carlos/bravo5_cp_ws/src/install/bravo_cathode_protection/share/ament_index/resource_index/packages/bravo_cathode_protection
[58.023s] -- Up-to-date: /home/carlos/bravo5_cp_ws/src/install/bravo_cathode_protection/share/bravo_cathode_protection/cmake/export_airbus_joystickExport.cmake
[58.023s] -- Up-to-date: /home/carlos/bravo5_cp_ws/src/install/bravo_cathode_protection/share/bravo_cathode_protection/cmake/export_airbus_joystickExport-noconfig.cmake
[58.023s] -- Up-to-date: /home/carlos/bravo5_cp_ws/src/install/bravo_cathode_protection/share/bravo_cathode_protection/cmake/export_bravo_handler_v2Export.cmake
[58.023s] -- Up-to-date: /home/carlos/bravo5_cp_ws/src/install/bravo_cathode_protection/share/bravo_cathode_protection/cmake/export_bravo_handler_v2Export-noconfig.cmake
[58.023s] -- Up-to-date: /home/carlos/bravo5_cp_ws/src/install/bravo_cathode_protection/share/bravo_cathode_protection/cmake/export_kinodynamics_manipulatorExport.cmake
[58.023s] -- Up-to-date: /home/carlos/bravo5_cp_ws/src/install/bravo_cathode_protection/share/bravo_cathode_protection/cmake/export_kinodynamics_manipulatorExport-noconfig.cmake
[58.024s] -- Up-to-date: /home/carlos/bravo5_cp_ws/src/install/bravo_cathode_protection/share/bravo_cathode_protection/cmake/export_stiffness_control_positionExport.cmake
[58.024s] -- Up-to-date: /home/carlos/bravo5_cp_ws/src/install/bravo_cathode_protection/share/bravo_cathode_protection/cmake/export_stiffness_control_positionExport-noconfig.cmake
[58.025s] -- Up-to-date: /home/carlos/bravo5_cp_ws/src/install/bravo_cathode_protection/share/bravo_cathode_protection/cmake/ament_cmake_export_libraries-extras.cmake
[58.025s] -- Up-to-date: /home/carlos/bravo5_cp_ws/src/install/bravo_cathode_protection/share/bravo_cathode_protection/cmake/ament_cmake_export_include_directories-extras.cmake
[58.025s] -- Up-to-date: /home/carlos/bravo5_cp_ws/src/install/bravo_cathode_protection/share/bravo_cathode_protection/cmake/ament_cmake_export_targets-extras.cmake
[58.025s] -- Up-to-date: /home/carlos/bravo5_cp_ws/src/install/bravo_cathode_protection/share/bravo_cathode_protection/cmake/ament_cmake_export_dependencies-extras.cmake
[58.025s] -- Up-to-date: /home/carlos/bravo5_cp_ws/src/install/bravo_cathode_protection/share/bravo_cathode_protection/cmake/bravo_cathode_protectionConfig.cmake
[58.025s] -- Up-to-date: /home/carlos/bravo5_cp_ws/src/install/bravo_cathode_protection/share/bravo_cathode_protection/cmake/bravo_cathode_protectionConfig-version.cmake
[58.025s] -- Up-to-date: /home/carlos/bravo5_cp_ws/src/install/bravo_cathode_protection/share/bravo_cathode_protection/package.xml
[58.025s] Invoked command in '/home/carlos/bravo5_cp_ws/src/build/bravo_cathode_protection' returned '0': CMAKE_PREFIX_PATH=${CMAKE_PREFIX_PATH}:/opt/ros/humble /usr/bin/cmake --install /home/carlos/bravo5_cp_ws/src/build/bravo_cathode_protection
