[0.007s] Invoking command in '/home/carlos/bravo5_cp_ws/src/build/bravo_cathode_protection': CMAKE_PREFIX_PATH=${CMAKE_PREFIX_PATH}:/opt/ros/humble /usr/bin/cmake --build /home/carlos/bravo5_cp_ws/src/build/bravo_cathode_protection -- -j20 -l20
[0.043s] Consolidate compiler generated dependencies of target stiffness_control_position
[0.053s] [  9%] Built target stiffness_control_position
[0.059s] Consolidate compiler generated dependencies of target bravo_handler_v2
[0.059s] [ 19%] Built target kinodynamics_manipulator
[0.060s] [ 28%] Built target airbus_joystick
[0.076s] [ 71%] Built target bravo_handler_v2
[0.100s] Consolidate compiler generated dependencies of target bravo5_gravity_and_joint_friction_identification
[0.103s] Consolidate compiler generated dependencies of target bravo5_cp_mobile_axis
[0.103s] Consolidate compiler generated dependencies of target bravo5_cp_fixed_axis
[0.118s] [ 80%] Built target bravo5_gravity_and_joint_friction_identification
[0.126s] [ 90%] Built target bravo5_cp_fixed_axis
[0.130s] [ 95%] Building CXX object CMakeFiles/bravo5_cp_mobile_axis.dir/src/bravo5_cp_mobile_axis.cpp.o
[2.824s] In file included from /opt/openrobots/include/hpp/fcl/config.hh:1,
[2.824s]                  from /opt/openrobots/include/pinocchio/serialization/eigen.hpp:20,
[2.824s]                  from /opt/openrobots/include/pinocchio/serialization/fwd.hpp:11,
[2.824s]                  from /opt/openrobots/include/pinocchio/multibody/joint/joint-composite.hpp:14,
[2.824s]                  from /opt/openrobots/include/pinocchio/multibody/joint/joint-generic.hpp:9,
[2.824s]                  from /opt/openrobots/include/pinocchio/multibody/model.hpp:17,
[2.824s]                  from /opt/openrobots/include/pinocchio/parsers/urdf.hpp:9,
[2.824s]                  from /home/carlos/bravo5_cp_ws/src/bravo_cathode_protection/include/bravo_cathode_protection/bravo_cpp/serial_manipulator/kinodynamics_manipulator.h:30,
[2.824s]                  from /home/carlos/bravo5_cp_ws/src/bravo_cathode_protection/include/bravo_cathode_protection/bravo_cpp/bravo_handler/bravo_handler_v2.h:28,
[2.824s]                  from /home/carlos/bravo5_cp_ws/src/bravo_cathode_protection/src/bravo5_cp_mobile_axis.cpp:16:
[2.824s] /opt/openrobots/include/hpp/fcl/coal.hpp:10:71: note: ‘#pragma message: Please update your includes from 'hpp/fcl' to 'coal'’
[2.824s]    10 | #pragma message("Please update your includes from 'hpp/fcl' to 'coal'")
[2.824s]       |                                                                       ^
[5.397s] /home/carlos/bravo5_cp_ws/src/bravo_cathode_protection/src/bravo5_cp_mobile_axis.cpp: In function ‘MobileRuntimeConfig load_mobile_runtime_config_yaml(const string&)’:
[5.397s] /home/carlos/bravo5_cp_ws/src/bravo_cathode_protection/src/bravo5_cp_mobile_axis.cpp:106:25: error: call of overloaded ‘yaml_vec4(const YAML::Node&, const char [5])’ is ambiguous
[5.397s]   106 |     cfg.home = yaml_vec4(node, "HOME");
[5.397s]       |                ~~~~~~~~~^~~~~~~~~~~~~~
[5.397s] /home/carlos/bravo5_cp_ws/src/bravo_cathode_protection/src/bravo5_cp_mobile_axis.cpp:70:24: note: candidate: ‘Eigen::Vector4d yaml_vec4(const YAML::Node&, const string&)’
[5.397s]    70 | static Eigen::Vector4d yaml_vec4(const YAML::Node& node, const std::string& key)
[5.397s]       |                        ^~~~~~~~~
[5.397s] In file included from /home/carlos/bravo5_cp_ws/src/bravo_cathode_protection/include/bravo_cathode_protection/bravo_cpp/bravo_io_v2/bravo_udp_v2.h:37,
[5.397s]                  from /home/carlos/bravo5_cp_ws/src/bravo_cathode_protection/include/bravo_cathode_protection/bravo_cpp/bravo_handler/bravo_handler_v2.h:29,
[5.397s]                  from /home/carlos/bravo5_cp_ws/src/bravo_cathode_protection/src/bravo5_cp_mobile_axis.cpp:16:
[5.397s] /home/carlos/bravo5_cp_ws/src/bravo_cathode_protection/include/bravo_cathode_protection/bravo_cpp/utils/utils.h:231:28: note: candidate: ‘Eigen::Vector4d bravo_utils::yaml_vec4(const YAML::Node&, const string&)’
[5.397s]   231 |     static Eigen::Vector4d yaml_vec4(const YAML::Node& node, const std::string& key)
[5.397s]       |                            ^~~~~~~~~
[5.397s] /home/carlos/bravo5_cp_ws/src/bravo_cathode_protection/src/bravo5_cp_mobile_axis.cpp:107:35: error: call of overloaded ‘yaml_vec3(const YAML::Node&, const char [15])’ is ambiguous
[5.397s]   107 |     cfg.gravity_vector = yaml_vec3(node, "GRAVITY_VECTOR");
[5.397s]       |                          ~~~~~~~~~^~~~~~~~~~~~~~~~~~~~~~~~
[5.397s] /home/carlos/bravo5_cp_ws/src/bravo_cathode_protection/src/bravo5_cp_mobile_axis.cpp:83:24: note: candidate: ‘Eigen::Vector3d yaml_vec3(const YAML::Node&, const string&)’
[5.397s]    83 | static Eigen::Vector3d yaml_vec3(const YAML::Node& node, const std::string& key)
[5.397s]       |                        ^~~~~~~~~
[5.397s] In file included from /home/carlos/bravo5_cp_ws/src/bravo_cathode_protection/include/bravo_cathode_protection/bravo_cpp/bravo_io_v2/bravo_udp_v2.h:37,
[5.397s]                  from /home/carlos/bravo5_cp_ws/src/bravo_cathode_protection/include/bravo_cathode_protection/bravo_cpp/bravo_handler/bravo_handler_v2.h:29,
[5.398s]                  from /home/carlos/bravo5_cp_ws/src/bravo_cathode_protection/src/bravo5_cp_mobile_axis.cpp:16:
[5.398s] /home/carlos/bravo5_cp_ws/src/bravo_cathode_protection/include/bravo_cathode_protection/bravo_cpp/utils/utils.h:244:28: note: candidate: ‘Eigen::Vector3d bravo_utils::yaml_vec3(const YAML::Node&, const string&)’
[5.398s]   244 |     static Eigen::Vector3d yaml_vec3(const YAML::Node& node, const std::string& key)
[5.398s]       |                            ^~~~~~~~~
[16.980s] /home/carlos/bravo5_cp_ws/src/bravo_cathode_protection/src/bravo5_cp_mobile_axis.cpp: At global scope:
[16.980s] /home/carlos/bravo5_cp_ws/src/bravo_cathode_protection/src/bravo5_cp_mobile_axis.cpp:83:24: warning: ‘Eigen::Vector3d yaml_vec3(const YAML::Node&, const string&)’ defined but not used [-Wunused-function]
[16.980s]    83 | static Eigen::Vector3d yaml_vec3(const YAML::Node& node, const std::string& key)
[16.980s]       |                        ^~~~~~~~~
[16.980s] /home/carlos/bravo5_cp_ws/src/bravo_cathode_protection/src/bravo5_cp_mobile_axis.cpp:70:24: warning: ‘Eigen::Vector4d yaml_vec4(const YAML::Node&, const string&)’ defined but not used [-Wunused-function]
[16.980s]    70 | static Eigen::Vector4d yaml_vec4(const YAML::Node& node, const std::string& key)
[16.980s]       |                        ^~~~~~~~~
[16.980s] In file included from /home/carlos/bravo5_cp_ws/src/bravo_cathode_protection/include/bravo_cathode_protection/bravo_cpp/bravo_io_v2/bravo_udp_v2.h:37,
[16.980s]                  from /home/carlos/bravo5_cp_ws/src/bravo_cathode_protection/include/bravo_cathode_protection/bravo_cpp/bravo_handler/bravo_handler_v2.h:29,
[16.980s]                  from /home/carlos/bravo5_cp_ws/src/bravo_cathode_protection/src/bravo5_cp_mobile_axis.cpp:16:
[16.980s] /home/carlos/bravo5_cp_ws/src/bravo_cathode_protection/include/bravo_cathode_protection/bravo_cpp/utils/utils.h:256:26: warning: ‘bravo_utils::RuntimeConfig bravo_utils::load_runtime_config_yaml(const string&)’ defined but not used [-Wunused-function]
[16.980s]   256 |     static RuntimeConfig load_runtime_config_yaml(const std::string& path)
[16.980s]       |                          ^~~~~~~~~~~~~~~~~~~~~~~~
[16.980s] /home/carlos/bravo5_cp_ws/src/bravo_cathode_protection/include/bravo_cathode_protection/bravo_cpp/utils/utils.h:187:27: warning: ‘bravo_utils::FrictionConfig bravo_utils::load_friction_config_yaml(const string&)’ defined but not used [-Wunused-function]
[16.980s]   187 |     static FrictionConfig load_friction_config_yaml(const std::string& path)
[16.980s]       |                           ^~~~~~~~~~~~~~~~~~~~~~~~~
[17.076s] gmake[2]: *** [CMakeFiles/bravo5_cp_mobile_axis.dir/build.make:76: CMakeFiles/bravo5_cp_mobile_axis.dir/src/bravo5_cp_mobile_axis.cpp.o] Error 1
[17.076s] gmake[1]: *** [CMakeFiles/Makefile2:310: CMakeFiles/bravo5_cp_mobile_axis.dir/all] Error 2
[17.077s] gmake: *** [Makefile:146: all] Error 2
[17.078s] Invoked command in '/home/carlos/bravo5_cp_ws/src/build/bravo_cathode_protection' returned '2': CMAKE_PREFIX_PATH=${CMAKE_PREFIX_PATH}:/opt/ros/humble /usr/bin/cmake --build /home/carlos/bravo5_cp_ws/src/build/bravo_cathode_protection -- -j20 -l20
