[0.008s] Invoking command in '/tmp/bravo_build/bravo_cathode_protection': CMAKE_PREFIX_PATH=${CMAKE_PREFIX_PATH}:/opt/ros/humble /usr/bin/cmake /home/carlos/bravo5_cp_ws/src/bravo_cathode_protection -DCMAKE_INSTALL_PREFIX=/tmp/bravo_install
[0.095s] -- The C compiler identification is GNU 11.4.0
[0.161s] -- The CXX compiler identification is GNU 11.4.0
[0.170s] -- Detecting C compiler ABI info
[0.231s] -- Detecting C compiler ABI info - done
[0.236s] -- Check for working C compiler: /usr/bin/cc - skipped
[0.236s] -- Detecting C compile features
[0.236s] -- Detecting C compile features - done
[0.239s] -- Detecting CXX compiler ABI info
[0.298s] -- Detecting CXX compiler ABI info - done
[0.302s] -- Check for working CXX compiler: /usr/bin/c++ - skipped
[0.302s] -- Detecting CXX compile features
[0.302s] -- Detecting CXX compile features - done
[0.308s] -- Found ament_cmake: 1.3.12 (/opt/ros/humble/share/ament_cmake/cmake)
[0.402s] -- Found Python3: /usr/bin/python3 (found version "3.10.12") found components: Interpreter 
[0.467s] -- Found rosidl_default_generators: 1.2.0 (/opt/ros/humble/share/rosidl_default_generators/cmake)
[0.469s] -- Using all available rosidl_typesupport_c: rosidl_typesupport_fastrtps_c;rosidl_typesupport_introspection_c
[0.475s] -- Found rosidl_adapter: 3.1.7 (/opt/ros/humble/share/rosidl_adapter/cmake)
[0.510s] -- Using all available rosidl_typesupport_cpp: rosidl_typesupport_fastrtps_cpp;rosidl_typesupport_introspection_cpp
[0.538s] -- Found rclcpp: 16.0.15 (/opt/ros/humble/share/rclcpp/cmake)
[0.578s] -- Found rmw_implementation_cmake: 6.1.2 (/opt/ros/humble/share/rmw_implementation_cmake/cmake)
[0.580s] -- Found rmw_fastrtps_cpp: 6.2.8 (/opt/ros/humble/share/rmw_fastrtps_cpp/cmake)
[0.661s] -- Found OpenSSL: /usr/lib/x86_64-linux-gnu/libcrypto.so (found version "3.0.2")  
[0.680s] -- Found FastRTPS: /opt/ros/humble/include  
[0.705s] -- Using RMW implementation 'rmw_fastrtps_cpp' as default
[0.714s] -- Looking for pthread.h
[0.765s] -- Looking for pthread.h - found
[0.765s] -- Performing Test CMAKE_HAVE_LIBC_PTHREAD
[0.821s] -- Performing Test CMAKE_HAVE_LIBC_PTHREAD - Success
[0.822s] -- Found Threads: TRUE  
[0.864s] -- pinocchio_default FOUND. pinocchio_default at /opt/openrobots/lib/libpinocchio_default.so
[0.864s] -- pinocchio_parsers FOUND. pinocchio_parsers at /opt/openrobots/lib/libpinocchio_parsers.so
[0.864s] -- pinocchio_casadi FOUND. pinocchio_casadi at /opt/openrobots/lib/libpinocchio_casadi.so
[0.865s] -- boost_filesystem FOUND. boost_filesystem at /usr/lib/x86_64-linux-gnu/libboost_filesystem.so
[0.865s] -- boost_serialization FOUND. boost_serialization at /usr/lib/x86_64-linux-gnu/libboost_serialization.so
[0.866s] -- boost_system FOUND. boost_system at /usr/lib/x86_64-linux-gnu/libboost_system.so
[0.903s] -- Found Boost: /usr/include (found version "1.74.0") found components: filesystem serialization system 
[0.904s] CMake Warning at /opt/openrobots/lib/cmake/hpp-fcl/hpp-fclConfig.cmake:3 (message):
[0.904s]   Please update your CMake from 'hpp-fcl' to 'coal'
[0.904s] Call Stack (most recent call first):
[0.904s]   /usr/share/cmake-3.22/Modules/CMakeFindDependencyMacro.cmake:47 (find_package)
[0.904s]   /opt/openrobots/lib/cmake/pinocchio/pinocchioConfig.cmake:161 (find_dependency)
[0.904s]   CMakeLists.txt:18 (find_package)
[0.904s] 
[0.904s] 
[0.905s] -- coal FOUND. coal at /opt/openrobots/lib/libcoal.so
[0.918s] -- Found Boost: /usr/include (found version "1.74.0") found components: chrono thread date_time serialization filesystem atomic 
[1.170s] -- Default C++ standard: 202002
[1.170s] -- Minimal C++ standard upgraded to 11
[1.170s] -- C++ standard sufficient: Minimal required 11, currently defined: 20
[1.171s] -- C++ standard sufficient: Minimal required 11, currently defined: 20
[1.173s] -- Found sensor_msgs: 4.9.0 (/opt/ros/humble/share/sensor_msgs/cmake)
[1.197s] -- Found visualization_msgs: 4.9.0 (/opt/ros/humble/share/visualization_msgs/cmake)
[1.215s] CMake Error at CMakeLists.txt:24 (find_package):
[1.215s]   By not providing "Findgeneral_libs_unite.cmake" in CMAKE_MODULE_PATH this
[1.215s]   project has asked CMake to find a package configuration file provided by
[1.215s]   "general_libs_unite", but CMake did not find one.
[1.215s] 
[1.215s]   Could not find a package configuration file provided by
[1.215s]   "general_libs_unite" with any of the following names:
[1.215s] 
[1.215s]     general_libs_uniteConfig.cmake
[1.215s]     general_libs_unite-config.cmake
[1.215s] 
[1.215s]   Add the installation prefix of "general_libs_unite" to CMAKE_PREFIX_PATH or
[1.215s]   set "general_libs_unite_DIR" to a directory containing one of the above
[1.215s]   files.  If "general_libs_unite" provides a separate development package or
[1.215s]   SDK, be sure it has been installed.
[1.215s] 
[1.215s] 
[1.215s] -- Configuring incomplete, errors occurred!
[1.215s] See also "/tmp/bravo_build/bravo_cathode_protection/CMakeFiles/CMakeOutput.log".
[1.221s] Invoked command in '/tmp/bravo_build/bravo_cathode_protection' returned '1': CMAKE_PREFIX_PATH=${CMAKE_PREFIX_PATH}:/opt/ros/humble /usr/bin/cmake /home/carlos/bravo5_cp_ws/src/bravo_cathode_protection -DCMAKE_INSTALL_PREFIX=/tmp/bravo_install
