Consolidate compiler generated dependencies of target stiffness_control_position
Consolidate compiler generated dependencies of target airbus_joystick
Consolidate compiler generated dependencies of target kinodynamics_manipulator
[  4%] Building CXX object CMakeFiles/stiffness_control_position.dir/include/bravo_cathode_protection/bravo_cpp/interaction/stiffness_control_position.cpp.o
Consolidate compiler generated dependencies of target bravo_handler_v2
[ 14%] Built target airbus_joystick
[ 23%] Built target kinodynamics_manipulator
[ 28%] Building CXX object CMakeFiles/bravo_handler_v2.dir/include/bravo_cathode_protection/bravo_cpp/bravo_handler/bravo_handler_v2.cpp.o
[ 33%] Building CXX object CMakeFiles/bravo_handler_v2.dir/include/bravo_cathode_protection/bravo_cpp/bravo_io_v2/bravo_diagnosis.cpp.o
[ 38%] Building CXX object CMakeFiles/bravo_handler_v2.dir/include/bravo_cathode_protection/bravo_cpp/bravo_io_v2/bravo_process_fdb.cpp.o
[ 42%] Building CXX object CMakeFiles/bravo_handler_v2.dir/include/bravo_cathode_protection/bravo_cpp/bravo_io_v2/bravo_udp_v2.cpp.o
[ 47%] Building CXX object CMakeFiles/bravo_handler_v2.dir/include/bravo_cathode_protection/bravo_cpp/bravo_io_v2/bravo_req_paquets.cpp.o
[ 52%] Building CXX object CMakeFiles/bravo_handler_v2.dir/include/bravo_cathode_protection/bravo_cpp/utils/utils.cpp.o
[ 57%] Linking CXX shared library libstiffness_control_position.so
[ 57%] Built target stiffness_control_position
[ 61%] Linking CXX shared library libbravo_handler_v2.so
[ 71%] Built target bravo_handler_v2
Consolidate compiler generated dependencies of target bravo5_cp_fixed_axis
Consolidate compiler generated dependencies of target bravo5_gravity_and_joint_friction_identification
Consolidate compiler generated dependencies of target bravo5_cp_mobile_axis
[ 76%] Building CXX object CMakeFiles/bravo5_gravity_and_joint_friction_identification.dir/src/bravo5_gravity_and_joint_friction_identification.cpp.o
[ 80%] Building CXX object CMakeFiles/bravo5_cp_fixed_axis.dir/src/bravo5_cp_fixed_axis.cpp.o
[ 85%] Building CXX object CMakeFiles/bravo5_cp_mobile_axis.dir/src/bravo5_cp_mobile_axis.cpp.o
[ 90%] Linking CXX executable bravo5_gravity_and_joint_friction_identification
[ 90%] Built target bravo5_gravity_and_joint_friction_identification
[ 95%] Linking CXX executable bravo5_cp_fixed_axis
[ 95%] Built target bravo5_cp_fixed_axis
