[0.006s] Invoking command in '/home/carlos/bravo5_cp_ws/src/build/bravo_cathode_protection': CMAKE_PREFIX_PATH=${CMAKE_PREFIX_PATH}:/opt/ros/humble /usr/bin/cmake --build /home/carlos/bravo5_cp_ws/src/build/bravo_cathode_protection -- -j20 -l20
[0.046s] [  9%] Built target airbus_joystick
[0.050s] [ 19%] Built target stiffness_control_position
[0.057s] [ 28%] Built target kinodynamics_manipulator
[0.060s] [ 71%] Built target bravo_handler_v2
[0.092s] [ 80%] Built target bravo5_gravity_and_joint_friction_identification
[0.093s] Consolidate compiler generated dependencies of target bravo5_cp_mobile_axis
[0.094s] [ 90%] Built target bravo5_cp_fixed_axis
[0.114s] [ 95%] Building CXX object CMakeFiles/bravo5_cp_mobile_axis.dir/src/bravo5_cp_mobile_axis.cpp.o
[2.653s] In file included from /opt/openrobots/include/hpp/fcl/config.hh:1,
[2.653s]                  from /opt/openrobots/include/pinocchio/serialization/eigen.hpp:20,
[2.653s]                  from /opt/openrobots/include/pinocchio/serialization/fwd.hpp:11,
[2.653s]                  from /opt/openrobots/include/pinocchio/multibody/joint/joint-composite.hpp:14,
[2.653s]                  from /opt/openrobots/include/pinocchio/multibody/joint/joint-generic.hpp:9,
[2.653s]                  from /opt/openrobots/include/pinocchio/multibody/model.hpp:17,
[2.653s]                  from /opt/openrobots/include/pinocchio/parsers/urdf.hpp:9,
[2.653s]                  from /home/carlos/bravo5_cp_ws/src/bravo_cathode_protection/include/bravo_cathode_protection/bravo_cpp/serial_manipulator/kinodynamics_manipulator.h:30,
[2.654s]                  from /home/carlos/bravo5_cp_ws/src/bravo_cathode_protection/include/bravo_cathode_protection/bravo_cpp/bravo_handler/bravo_handler_v2.h:28,
[2.654s]                  from /home/carlos/bravo5_cp_ws/src/bravo_cathode_protection/src/bravo5_cp_mobile_axis.cpp:16:
[2.654s] /opt/openrobots/include/hpp/fcl/coal.hpp:10:71: note: ‘#pragma message: Please update your includes from 'hpp/fcl' to 'coal'’
[2.654s]    10 | #pragma message("Please update your includes from 'hpp/fcl' to 'coal'")
[2.654s]       |                                                                       ^
[16.688s] In file included from /home/carlos/bravo5_cp_ws/src/bravo_cathode_protection/include/bravo_cathode_protection/bravo_cpp/bravo_io_v2/bravo_udp_v2.h:37,
[16.689s]                  from /home/carlos/bravo5_cp_ws/src/bravo_cathode_protection/include/bravo_cathode_protection/bravo_cpp/bravo_handler/bravo_handler_v2.h:29,
[16.689s]                  from /home/carlos/bravo5_cp_ws/src/bravo_cathode_protection/src/bravo5_cp_mobile_axis.cpp:16:
[16.689s] /home/carlos/bravo5_cp_ws/src/bravo_cathode_protection/include/bravo_cathode_protection/bravo_cpp/utils/utils.h:256:26: warning: ‘bravo_utils::RuntimeConfig bravo_utils::load_runtime_config_yaml(const string&)’ defined but not used [-Wunused-function]
[16.689s]   256 |     static RuntimeConfig load_runtime_config_yaml(const std::string& path)
[16.689s]       |                          ^~~~~~~~~~~~~~~~~~~~~~~~
[16.689s] /home/carlos/bravo5_cp_ws/src/bravo_cathode_protection/include/bravo_cathode_protection/bravo_cpp/utils/utils.h:187:27: warning: ‘bravo_utils::FrictionConfig bravo_utils::load_friction_config_yaml(const string&)’ defined but not used [-Wunused-function]
[16.689s]   187 |     static FrictionConfig load_friction_config_yaml(const std::string& path)
[16.689s]       |                           ^~~~~~~~~~~~~~~~~~~~~~~~~
[25.301s] [100%] Linking CXX executable bravo5_cp_mobile_axis
[26.314s] [100%] Built target bravo5_cp_mobile_axis
[26.323s] Invoked command in '/home/carlos/bravo5_cp_ws/src/build/bravo_cathode_protection' returned '0': CMAKE_PREFIX_PATH=${CMAKE_PREFIX_PATH}:/opt/ros/humble /usr/bin/cmake --build /home/carlos/bravo5_cp_ws/src/build/bravo_cathode_protection -- -j20 -l20
[26.331s] Invoking command in '/home/carlos/bravo5_cp_ws/src/build/bravo_cathode_protection': CMAKE_PREFIX_PATH=${CMAKE_PREFIX_PATH}:/opt/ros/humble /usr/bin/cmake --install /home/carlos/bravo5_cp_ws/src/build/bravo_cathode_protection
[26.338s] -- Install configuration: ""
[26.339s] -- Up-to-date: /home/carlos/bravo5_cp_ws/src/install/bravo_cathode_protection/include
[26.339s] -- Up-to-date: /home/carlos/bravo5_cp_ws/src/install/bravo_cathode_protection/include/bravo_cathode_protection
[26.339s] -- Up-to-date: /home/carlos/bravo5_cp_ws/src/install/bravo_cathode_protection/include/bravo_cathode_protection/bravo_cpp
[26.339s] -- Up-to-date: /home/carlos/bravo5_cp_ws/src/install/bravo_cathode_protection/include/bravo_cathode_protection/bravo_cpp/joysticks
[26.339s] -- Up-to-date: /home/carlos/bravo5_cp_ws/src/install/bravo_cathode_protection/include/bravo_cathode_protection/bravo_cpp/joysticks/airbus_joystick.cpp
[26.339s] -- Up-to-date: /home/carlos/bravo5_cp_ws/src/install/bravo_cathode_protection/include/bravo_cathode_protection/bravo_cpp/joysticks/airbus_joystick.h
[26.339s] -- Up-to-date: /home/carlos/bravo5_cp_ws/src/install/bravo_cathode_protection/include/bravo_cathode_protection/bravo_cpp/bravo_io_v2
[26.340s] -- Up-to-date: /home/carlos/bravo5_cp_ws/src/install/bravo_cathode_protection/include/bravo_cathode_protection/bravo_cpp/bravo_io_v2/bravo_diagnosis.cpp
[26.340s] -- Up-to-date: /home/carlos/bravo5_cp_ws/src/install/bravo_cathode_protection/include/bravo_cathode_protection/bravo_cpp/bravo_io_v2/bravo_req_paquets.cpp
[26.340s] -- Up-to-date: /home/carlos/bravo5_cp_ws/src/install/bravo_cathode_protection/include/bravo_cathode_protection/bravo_cpp/bravo_io_v2/bplprotocol_unite.cpp
[26.340s] -- Up-to-date: /home/carlos/bravo5_cp_ws/src/install/bravo_cathode_protection/include/bravo_cathode_protection/bravo_cpp/bravo_io_v2/packetID.h
[26.340s] -- Up-to-date: /home/carlos/bravo5_cp_ws/src/install/bravo_cathode_protection/include/bravo_cathode_protection/bravo_cpp/bravo_io_v2/bravo_udp_v2.h
[26.340s] -- Up-to-date: /home/carlos/bravo5_cp_ws/src/install/bravo_cathode_protection/include/bravo_cathode_protection/bravo_cpp/bravo_io_v2/bravo_udp_v2.cpp
[26.340s] -- Up-to-date: /home/carlos/bravo5_cp_ws/src/install/bravo_cathode_protection/include/bravo_cathode_protection/bravo_cpp/bravo_io_v2/bravo_process_fdb.cpp
[26.340s] -- Up-to-date: /home/carlos/bravo5_cp_ws/src/install/bravo_cathode_protection/include/bravo_cathode_protection/bravo_cpp/bravo_io_v2/bplprotocol_unite.h
[26.340s] -- Up-to-date: /home/carlos/bravo5_cp_ws/src/install/bravo_cathode_protection/include/bravo_cathode_protection/bravo_cpp/serial_manipulator
[26.340s] -- Up-to-date: /home/carlos/bravo5_cp_ws/src/install/bravo_cathode_protection/include/bravo_cathode_protection/bravo_cpp/serial_manipulator/kinodynamics_manipulator.h
[26.340s] -- Up-to-date: /home/carlos/bravo5_cp_ws/src/install/bravo_cathode_protection/include/bravo_cathode_protection/bravo_cpp/serial_manipulator/kinodynamics_manipulator.cpp
[26.340s] -- Up-to-date: /home/carlos/bravo5_cp_ws/src/install/bravo_cathode_protection/include/bravo_cathode_protection/bravo_cpp/bravo_handler
[26.341s] -- Up-to-date: /home/carlos/bravo5_cp_ws/src/install/bravo_cathode_protection/include/bravo_cathode_protection/bravo_cpp/bravo_handler/bravo_handler_v2.cpp
[26.341s] -- Up-to-date: /home/carlos/bravo5_cp_ws/src/install/bravo_cathode_protection/include/bravo_cathode_protection/bravo_cpp/bravo_handler/bravo_handler_v2.h
[26.341s] -- Up-to-date: /home/carlos/bravo5_cp_ws/src/install/bravo_cathode_protection/include/bravo_cathode_protection/bravo_cpp/interaction
[26.341s] -- Up-to-date: /home/carlos/bravo5_cp_ws/src/install/bravo_cathode_protection/include/bravo_cathode_protection/bravo_cpp/interaction/stiffness_control_position.h
[26.341s] -- Up-to-date: /home/carlos/bravo5_cp_ws/src/install/bravo_cathode_protection/include/bravo_cathode_protection/bravo_cpp/interaction/stiffness_control_position.cpp
[26.341s] -- Up-to-date: /home/carlos/bravo5_cp_ws/src/install/bravo_cathode_protection/include/bravo_cathode_protection/bravo_cpp/utils
[26.341s] -- Up-to-date: /home/carlos/bravo5_cp_ws/src/install/bravo_cathode_protection/include/bravo_cathode_protection/bravo_cpp/utils/bravo_dashboard.h
[26.341s] -- Up-to-date: /home/carlos/bravo5_cp_ws/src/install/bravo_cathode_protection/include/bravo_cathode_protection/bravo_cpp/utils/bravo_logger.cpp
[26.342s] -- Up-to-date: /home/carlos/bravo5_cp_ws/src/install/bravo_cathode_protection/include/bravo_cathode_protection/bravo_cpp/utils/bravo_logger.h
[26.342s] -- Installing: /home/carlos/bravo5_cp_ws/src/install/bravo_cathode_protection/include/bravo_cathode_protection/bravo_cpp/utils/utils.h
[26.342s] -- Up-to-date: /home/carlos/bravo5_cp_ws/src/install/bravo_cathode_protection/include/bravo_cathode_protection/bravo_cpp/utils/utils.cpp
[26.342s] -- Up-to-date: /home/carlos/bravo5_cp_ws/src/install/bravo_cathode_protection/include/bravo_cathode_protection/bravo_cpp/utils/bravo_dashboard.cpp
[26.342s] -- Up-to-date: /home/carlos/bravo5_cp_ws/src/install/bravo_cathode_protection/share/bravo_cathode_protection/config
[26.342s] -- Up-to-date: /home/carlos/bravo5_cp_ws/src/install/bravo_cathode_protection/share/bravo_cathode_protection/config/program_params
[26.342s] -- Up-to-date: /home/carlos/bravo5_cp_ws/src/install/bravo_cathode_protection/share/bravo_cathode_protection/config/program_params/bravo5_cp_fixed_axis_runtime.yaml
[26.343s] -- Up-to-date: /home/carlos/bravo5_cp_ws/src/install/bravo_cathode_protection/share/bravo_cathode_protection/config/program_params/bravo5_cp_mobile_axis_runtime.yaml
[26.343s] -- Up-to-date: /home/carlos/bravo5_cp_ws/src/install/bravo_cathode_protection/share/bravo_cathode_protection/config/joint_friction_params
[26.343s] -- Up-to-date: /home/carlos/bravo5_cp_ws/src/install/bravo_cathode_protection/share/bravo_cathode_protection/config/joint_friction_params/joint_friction_bravo5.yaml
[26.343s] -- Up-to-date: /home/carlos/bravo5_cp_ws/src/install/bravo_cathode_protection/share/bravo_cathode_protection/config/stiff_control_params
[26.343s] -- Up-to-date: /home/carlos/bravo5_cp_ws/src/install/bravo_cathode_protection/share/bravo_cathode_protection/config/stiff_control_params/FAST_STRONG.json
[26.343s] -- Up-to-date: /home/carlos/bravo5_cp_ws/src/install/bravo_cathode_protection/share/bravo_cathode_protection/config/stiff_control_params/FAST_WEAK.json
[26.344s] -- Up-to-date: /home/carlos/bravo5_cp_ws/src/install/bravo_cathode_protection/share/bravo_cathode_protection/config/stiff_control_params/SLOW_STRONG.json
[26.344s] -- Up-to-date: /home/carlos/bravo5_cp_ws/src/install/bravo_cathode_protection/share/bravo_cathode_protection/config/stiff_control_params/SLOW_WEAK.json
[26.344s] -- Up-to-date: /home/carlos/bravo5_cp_ws/src/install/bravo_cathode_protection/share/bravo_cathode_protection/config/stiff_control_params/WEAK_LOW_STIFF.json
[26.344s] -- Up-to-date: /home/carlos/bravo5_cp_ws/src/install/bravo_cathode_protection/share/bravo_cathode_protection/config/stiff_control_params/bravo5_cp_compliance_fixed_axis.yaml
[26.344s] -- Up-to-date: /home/carlos/bravo5_cp_ws/src/install/bravo_cathode_protection/share/bravo_cathode_protection/config/stiff_control_params/bravo5_cp_compliance_mobile_axis.yaml
[26.345s] -- Up-to-date: /home/carlos/bravo5_cp_ws/src/install/bravo_cathode_protection/share/bravo_cathode_protection/rviz
[26.345s] -- Up-to-date: /home/carlos/bravo5_cp_ws/src/install/bravo_cathode_protection/share/bravo_cathode_protection/rviz/bravo5_cp.rviz
[26.345s] -- Up-to-date: /home/carlos/bravo5_cp_ws/src/install/bravo_cathode_protection/share/bravo_cathode_protection/urdf
[26.346s] -- Up-to-date: /home/carlos/bravo5_cp_ws/src/install/bravo_cathode_protection/share/bravo_cathode_protection/urdf/bravo_5_dynamics_pinocchio_cp.urdf
[26.346s] -- Up-to-date: /home/carlos/bravo5_cp_ws/src/install/bravo_cathode_protection/share/bravo_cathode_protection/meshes
[26.347s] -- Up-to-date: /home/carlos/bravo5_cp_ws/src/install/bravo_cathode_protection/share/bravo_cathode_protection/meshes/RS2-266_convex_hull.stl
[26.347s] -- Up-to-date: /home/carlos/bravo5_cp_ws/src/install/bravo_cathode_protection/share/bravo_cathode_protection/meshes/RS2-217_convex_hull.stl
[26.347s] -- Up-to-date: /home/carlos/bravo5_cp_ws/src/install/bravo_cathode_protection/share/bravo_cathode_protection/meshes/RS2-217.stl
[26.347s] -- Up-to-date: /home/carlos/bravo5_cp_ws/src/install/bravo_cathode_protection/share/bravo_cathode_protection/meshes/RS2-268_convex_hull.stl
[26.348s] -- Up-to-date: /home/carlos/bravo5_cp_ws/src/install/bravo_cathode_protection/share/bravo_cathode_protection/meshes/RS2-266.stl
[26.348s] -- Up-to-date: /home/carlos/bravo5_cp_ws/src/install/bravo_cathode_protection/share/bravo_cathode_protection/meshes/RS2-250-212-214.stl
[26.348s] -- Up-to-date: /home/carlos/bravo5_cp_ws/src/install/bravo_cathode_protection/share/bravo_cathode_protection/meshes/RS2-180_convex_hull.stl
[26.348s] -- Up-to-date: /home/carlos/bravo5_cp_ws/src/install/bravo_cathode_protection/share/bravo_cathode_protection/meshes/RS2-268.stl
[26.348s] -- Up-to-date: /home/carlos/bravo5_cp_ws/src/install/bravo_cathode_protection/share/bravo_cathode_protection/meshes/end_effectors
[26.349s] -- Up-to-date: /home/carlos/bravo5_cp_ws/src/install/bravo_cathode_protection/share/bravo_cathode_protection/meshes/end_effectors/contact_sphere_convex_hull.stl
[26.349s] -- Up-to-date: /home/carlos/bravo5_cp_ws/src/install/bravo_cathode_protection/share/bravo_cathode_protection/meshes/end_effectors/contact_sphere.stl
[26.349s] -- Up-to-date: /home/carlos/bravo5_cp_ws/src/install/bravo_cathode_protection/share/bravo_cathode_protection/meshes/RS2-180.stl
[26.349s] -- Up-to-date: /home/carlos/bravo5_cp_ws/src/install/bravo_cathode_protection/share/bravo_cathode_protection/meshes/RS2-250-212-214_convex_hull.stl
[26.349s] -- Up-to-date: /home/carlos/bravo5_cp_ws/src/install/bravo_cathode_protection/share/bravo_cathode_protection
[26.349s] -- Up-to-date: /home/carlos/bravo5_cp_ws/src/install/bravo_cathode_protection/share/bravo_cathode_protection/view_bravo_5.launch.py
[26.350s] -- Up-to-date: /home/carlos/bravo5_cp_ws/src/install/bravo_cathode_protection/lib/libairbus_joystick.so
[26.350s] -- Up-to-date: /home/carlos/bravo5_cp_ws/src/install/bravo_cathode_protection/share/bravo_cathode_protection/environment/library_path.sh
[26.350s] -- Up-to-date: /home/carlos/bravo5_cp_ws/src/install/bravo_cathode_protection/share/bravo_cathode_protection/environment/library_path.dsv
[26.350s] -- Installing: /home/carlos/bravo5_cp_ws/src/install/bravo_cathode_protection/lib/libbravo_handler_v2.so
[26.351s] -- Set runtime path of "/home/carlos/bravo5_cp_ws/src/install/bravo_cathode_protection/lib/libbravo_handler_v2.so" to ""
[26.351s] -- Up-to-date: /home/carlos/bravo5_cp_ws/src/install/bravo_cathode_protection/lib/libkinodynamics_manipulator.so
[26.351s] -- Installing: /home/carlos/bravo5_cp_ws/src/install/bravo_cathode_protection/lib/libstiffness_control_position.so
[26.355s] -- Installing: /home/carlos/bravo5_cp_ws/src/install/bravo_cathode_protection/lib/bravo_cathode_protection/bravo5_gravity_and_joint_friction_identification
[26.362s] -- Set runtime path of "/home/carlos/bravo5_cp_ws/src/install/bravo_cathode_protection/lib/bravo_cathode_protection/bravo5_gravity_and_joint_friction_identification" to ""
[26.362s] -- Installing: /home/carlos/bravo5_cp_ws/src/install/bravo_cathode_protection/lib/bravo_cathode_protection/bravo5_cp_fixed_axis
[26.372s] -- Set runtime path of "/home/carlos/bravo5_cp_ws/src/install/bravo_cathode_protection/lib/bravo_cathode_protection/bravo5_cp_fixed_axis" to ""
[26.373s] -- Installing: /home/carlos/bravo5_cp_ws/src/install/bravo_cathode_protection/lib/bravo_cathode_protection/bravo5_cp_mobile_axis
[26.382s] -- Set runtime path of "/home/carlos/bravo5_cp_ws/src/install/bravo_cathode_protection/lib/bravo_cathode_protection/bravo5_cp_mobile_axis" to ""
[26.382s] -- Up-to-date: /home/carlos/bravo5_cp_ws/src/install/bravo_cathode_protection/share/ament_index/resource_index/package_run_dependencies/bravo_cathode_protection
[26.382s] -- Up-to-date: /home/carlos/bravo5_cp_ws/src/install/bravo_cathode_protection/share/ament_index/resource_index/parent_prefix_path/bravo_cathode_protection
[26.383s] -- Up-to-date: /home/carlos/bravo5_cp_ws/src/install/bravo_cathode_protection/share/bravo_cathode_protection/environment/ament_prefix_path.sh
[26.383s] -- Up-to-date: /home/carlos/bravo5_cp_ws/src/install/bravo_cathode_protection/share/bravo_cathode_protection/environment/ament_prefix_path.dsv
[26.383s] -- Up-to-date: /home/carlos/bravo5_cp_ws/src/install/bravo_cathode_protection/share/bravo_cathode_protection/environment/path.sh
[26.383s] -- Up-to-date: /home/carlos/bravo5_cp_ws/src/install/bravo_cathode_protection/share/bravo_cathode_protection/environment/path.dsv
[26.383s] -- Up-to-date: /home/carlos/bravo5_cp_ws/src/install/bravo_cathode_protection/share/bravo_cathode_protection/local_setup.bash
[26.383s] -- Up-to-date: /home/carlos/bravo5_cp_ws/src/install/bravo_cathode_protection/share/bravo_cathode_protection/local_setup.sh
[26.383s] -- Up-to-date: /home/carlos/bravo5_cp_ws/src/install/bravo_cathode_protection/share/bravo_cathode_protection/local_setup.zsh
[26.383s] -- Up-to-date: /home/carlos/bravo5_cp_ws/src/install/bravo_cathode_protection/share/bravo_cathode_protection/local_setup.dsv
[26.383s] -- Installing: /home/carlos/bravo5_cp_ws/src/install/bravo_cathode_protection/share/bravo_cathode_protection/package.dsv
[26.384s] -- Up-to-date: /home/carlos/bravo5_cp_ws/src/install/bravo_cathode_protection/share/ament_index/resource_index/packages/bravo_cathode_protection
[26.384s] -- Up-to-date: /home/carlos/bravo5_cp_ws/src/install/bravo_cathode_protection/share/bravo_cathode_protection/cmake/export_airbus_joystickExport.cmake
[26.384s] -- Up-to-date: /home/carlos/bravo5_cp_ws/src/install/bravo_cathode_protection/share/bravo_cathode_protection/cmake/export_airbus_joystickExport-noconfig.cmake
[26.384s] -- Up-to-date: /home/carlos/bravo5_cp_ws/src/install/bravo_cathode_protection/share/bravo_cathode_protection/cmake/export_bravo_handler_v2Export.cmake
[26.384s] -- Up-to-date: /home/carlos/bravo5_cp_ws/src/install/bravo_cathode_protection/share/bravo_cathode_protection/cmake/export_bravo_handler_v2Export-noconfig.cmake
[26.384s] -- Up-to-date: /home/carlos/bravo5_cp_ws/src/install/bravo_cathode_protection/share/bravo_cathode_protection/cmake/export_kinodynamics_manipulatorExport.cmake
[26.384s] -- Up-to-date: /home/carlos/bravo5_cp_ws/src/install/bravo_cathode_protection/share/bravo_cathode_protection/cmake/export_kinodynamics_manipulatorExport-noconfig.cmake
[26.384s] -- Up-to-date: /home/carlos/bravo5_cp_ws/src/install/bravo_cathode_protection/share/bravo_cathode_protection/cmake/export_stiffness_control_positionExport.cmake
[26.384s] -- Up-to-date: /home/carlos/bravo5_cp_ws/src/install/bravo_cathode_protection/share/bravo_cathode_protection/cmake/export_stiffness_control_positionExport-noconfig.cmake
[26.384s] -- Up-to-date: /home/carlos/bravo5_cp_ws/src/install/bravo_cathode_protection/share/bravo_cathode_protection/cmake/ament_cmake_export_libraries-extras.cmake
[26.384s] -- Up-to-date: /home/carlos/bravo5_cp_ws/src/install/bravo_cathode_protection/share/bravo_cathode_protection/cmake/ament_cmake_export_include_directories-extras.cmake
[26.384s] -- Up-to-date: /home/carlos/bravo5_cp_ws/src/install/bravo_cathode_protection/share/bravo_cathode_protection/cmake/ament_cmake_export_targets-extras.cmake
[26.385s] -- Up-to-date: /home/carlos/bravo5_cp_ws/src/install/bravo_cathode_protection/share/bravo_cathode_protection/cmake/ament_cmake_export_dependencies-extras.cmake
[26.385s] -- Up-to-date: /home/carlos/bravo5_cp_ws/src/install/bravo_cathode_protection/share/bravo_cathode_protection/cmake/bravo_cathode_protectionConfig.cmake
[26.386s] -- Up-to-date: /home/carlos/bravo5_cp_ws/src/install/bravo_cathode_protection/share/bravo_cathode_protection/cmake/bravo_cathode_protectionConfig-version.cmake
[26.386s] -- Up-to-date: /home/carlos/bravo5_cp_ws/src/install/bravo_cathode_protection/share/bravo_cathode_protection/package.xml
[26.386s] Invoked command in '/home/carlos/bravo5_cp_ws/src/build/bravo_cathode_protection' returned '0': CMAKE_PREFIX_PATH=${CMAKE_PREFIX_PATH}:/opt/ros/humble /usr/bin/cmake --install /home/carlos/bravo5_cp_ws/src/build/bravo_cathode_protection
