-- The C compiler identification is GNU 11.4.0
-- The CXX compiler identification is GNU 11.4.0
-- Detecting C compiler ABI info
-- Detecting C compiler ABI info - done
-- Check for working C compiler: /usr/bin/cc - skipped
-- Detecting C compile features
-- Detecting C compile features - done
-- Detecting CXX compiler ABI info
-- Detecting CXX compiler ABI info - done
-- Check for working CXX compiler: /usr/bin/c++ - skipped
-- Detecting CXX compile features
-- Detecting CXX compile features - done
-- Found ament_cmake: 1.3.12 (/opt/ros/humble/share/ament_cmake/cmake)
-- Found Python3: /usr/bin/python3 (found version "3.10.12") found components: Interpreter 
-- Found rclcpp: 16.0.15 (/opt/ros/humble/share/rclcpp/cmake)
-- Found rosidl_generator_c: 3.1.7 (/opt/ros/humble/share/rosidl_generator_c/cmake)
-- Found rosidl_adapter: 3.1.7 (/opt/ros/humble/share/rosidl_adapter/cmake)
-- Found rosidl_generator_cpp: 3.1.7 (/opt/ros/humble/share/rosidl_generator_cpp/cmake)
-- Using all available rosidl_typesupport_c: rosidl_typesupport_fastrtps_c;rosidl_typesupport_introspection_c
-- Using all available rosidl_typesupport_cpp: rosidl_typesupport_fastrtps_cpp;rosidl_typesupport_introspection_cpp
-- Found rmw_implementation_cmake: 6.1.2 (/opt/ros/humble/share/rmw_implementation_cmake/cmake)
-- Found rmw_fastrtps_cpp: 6.2.8 (/opt/ros/humble/share/rmw_fastrtps_cpp/cmake)
-- Found OpenSSL: /usr/lib/x86_64-linux-gnu/libcrypto.so (found version "3.0.2")  
-- Found FastRTPS: /opt/ros/humble/include  
-- Using RMW implementation 'rmw_fastrtps_cpp' as default
-- Looking for pthread.h
-- Looking for pthread.h - found
-- Performing Test CMAKE_HAVE_LIBC_PTHREAD
-- Performing Test CMAKE_HAVE_LIBC_PTHREAD - Success
-- Found Threads: TRUE  
-- pinocchio_default FOUND. pinocchio_default at /opt/openrobots/lib/libpinocchio_default.so
-- pinocchio_parsers FOUND. pinocchio_parsers at /opt/openrobots/lib/libpinocchio_parsers.so
-- pinocchio_casadi FOUND. pinocchio_casadi at /opt/openrobots/lib/libpinocchio_casadi.so
-- boost_filesystem FOUND. boost_filesystem at /usr/lib/x86_64-linux-gnu/libboost_filesystem.so
-- boost_serialization FOUND. boost_serialization at /usr/lib/x86_64-linux-gnu/libboost_serialization.so
-- boost_system FOUND. boost_system at /usr/lib/x86_64-linux-gnu/libboost_system.so
-- Found Boost: /usr/include (found version "1.74.0") found components: filesystem serialization system 
-- coal FOUND. coal at /opt/openrobots/lib/libcoal.so
-- Found Boost: /usr/include (found version "1.74.0") found components: chrono thread date_time serialization filesystem atomic 
-- Default C++ standard: 202002
-- Minimal C++ standard upgraded to 11
-- C++ standard sufficient: Minimal required 11, currently defined: 20
-- C++ standard sufficient: Minimal required 11, currently defined: 20
-- Found sensor_msgs: 4.9.0 (/opt/ros/humble/share/sensor_msgs/cmake)
-- Found ament_lint_auto: 0.12.14 (/opt/ros/humble/share/ament_lint_auto/cmake)
-- Configuring done
-- Generating done
-- Build files have been written to: /home/carlos/bravo5_cp_ws/src/build/bravo_cathode_protection
[  4%] Building CXX object CMakeFiles/stiffness_control_position.dir/include/bravo_cathode_protection/bravo_cpp/interaction/stiffness_control_position.cpp.o
[  9%] Building CXX object CMakeFiles/bravo_handler_v2.dir/include/bravo_cathode_protection/bravo_cpp/bravo_io_v2/bravo_udp_v2.cpp.o
[ 14%] Building CXX object CMakeFiles/bravo_handler_v2.dir/include/bravo_cathode_protection/bravo_cpp/bravo_io_v2/bravo_diagnosis.cpp.o
[ 19%] Building CXX object CMakeFiles/kinodynamics_manipulator.dir/include/bravo_cathode_protection/bravo_cpp/serial_manipulator/kinodynamics_manipulator.cpp.o
[ 23%] Building CXX object CMakeFiles/bravo_handler_v2.dir/include/bravo_cathode_protection/bravo_cpp/bravo_io_v2/bravo_req_paquets.cpp.o
[ 33%] Building CXX object CMakeFiles/airbus_joystick.dir/include/bravo_cathode_protection/bravo_cpp/joysticks/airbus_joystick.cpp.o
[ 33%] Building CXX object CMakeFiles/bravo_handler_v2.dir/include/bravo_cathode_protection/bravo_cpp/bravo_io_v2/bravo_process_fdb.cpp.o
[ 38%] Building CXX object CMakeFiles/bravo_handler_v2.dir/include/bravo_cathode_protection/bravo_cpp/bravo_handler/bravo_handler_v2.cpp.o
[ 42%] Building CXX object CMakeFiles/bravo_handler_v2.dir/include/bravo_cathode_protection/bravo_cpp/bravo_io_v2/bplprotocol_unite.cpp.o
[ 52%] Building CXX object CMakeFiles/bravo_handler_v2.dir/include/bravo_cathode_protection/bravo_cpp/utils/utils.cpp.o
[ 52%] Building CXX object CMakeFiles/bravo_handler_v2.dir/include/bravo_cathode_protection/bravo_cpp/utils/bravo_logger.cpp.o
[ 57%] Linking CXX shared library libairbus_joystick.so
[ 57%] Built target airbus_joystick
[ 61%] Linking CXX shared library libstiffness_control_position.so
[ 61%] Built target stiffness_control_position
[ 66%] Linking CXX shared library libbravo_handler_v2.so
[ 66%] Built target bravo_handler_v2
[ 71%] Building CXX object CMakeFiles/bravo5_cp_mobile_axis.dir/src/bravo5_cp_mobile_axis.cpp.o
[ 80%] Building CXX object CMakeFiles/bravo5_gravity_and_joint_friction_identification.dir/src/bravo5_gravity_and_joint_friction_identification.cpp.o
[ 80%] Building CXX object CMakeFiles/bravo5_cp_fixed_axis.dir/src/bravo5_cp_fixed_axis.cpp.o
[ 85%] Linking CXX executable bravo5_gravity_and_joint_friction_identification
[ 85%] Built target bravo5_gravity_and_joint_friction_identification
[ 90%] Linking CXX shared library libkinodynamics_manipulator.so
[ 90%] Built target kinodynamics_manipulator
[ 95%] Linking CXX executable bravo5_cp_fixed_axis
[100%] Linking CXX executable bravo5_cp_mobile_axis
[100%] Built target bravo5_cp_fixed_axis
[100%] Built target bravo5_cp_mobile_axis
-- Install configuration: ""
-- Installing: /home/carlos/bravo5_cp_ws/src/install/bravo_cathode_protection/include
-- Installing: /home/carlos/bravo5_cp_ws/src/install/bravo_cathode_protection/include/bravo_cathode_protection
-- Installing: /home/carlos/bravo5_cp_ws/src/install/bravo_cathode_protection/include/bravo_cathode_protection/bravo_cpp
-- Installing: /home/carlos/bravo5_cp_ws/src/install/bravo_cathode_protection/include/bravo_cathode_protection/bravo_cpp/joysticks
-- Installing: /home/carlos/bravo5_cp_ws/src/install/bravo_cathode_protection/include/bravo_cathode_protection/bravo_cpp/joysticks/airbus_joystick.cpp
-- Installing: /home/carlos/bravo5_cp_ws/src/install/bravo_cathode_protection/include/bravo_cathode_protection/bravo_cpp/joysticks/airbus_joystick.h
-- Installing: /home/carlos/bravo5_cp_ws/src/install/bravo_cathode_protection/include/bravo_cathode_protection/bravo_cpp/bravo_io_v2
-- Installing: /home/carlos/bravo5_cp_ws/src/install/bravo_cathode_protection/include/bravo_cathode_protection/bravo_cpp/bravo_io_v2/bravo_diagnosis.cpp
-- Installing: /home/carlos/bravo5_cp_ws/src/install/bravo_cathode_protection/include/bravo_cathode_protection/bravo_cpp/bravo_io_v2/bravo_req_paquets.cpp
-- Installing: /home/carlos/bravo5_cp_ws/src/install/bravo_cathode_protection/include/bravo_cathode_protection/bravo_cpp/bravo_io_v2/bplprotocol_unite.cpp
-- Installing: /home/carlos/bravo5_cp_ws/src/install/bravo_cathode_protection/include/bravo_cathode_protection/bravo_cpp/bravo_io_v2/packetID.h
-- Installing: /home/carlos/bravo5_cp_ws/src/install/bravo_cathode_protection/include/bravo_cathode_protection/bravo_cpp/bravo_io_v2/bravo_udp_v2.h
-- Installing: /home/carlos/bravo5_cp_ws/src/install/bravo_cathode_protection/include/bravo_cathode_protection/bravo_cpp/bravo_io_v2/bravo_udp_v2.cpp
-- Installing: /home/carlos/bravo5_cp_ws/src/install/bravo_cathode_protection/include/bravo_cathode_protection/bravo_cpp/bravo_io_v2/bravo_process_fdb.cpp
-- Installing: /home/carlos/bravo5_cp_ws/src/install/bravo_cathode_protection/include/bravo_cathode_protection/bravo_cpp/bravo_io_v2/bplprotocol_unite.h
-- Installing: /home/carlos/bravo5_cp_ws/src/install/bravo_cathode_protection/include/bravo_cathode_protection/bravo_cpp/serial_manipulator
-- Installing: /home/carlos/bravo5_cp_ws/src/install/bravo_cathode_protection/include/bravo_cathode_protection/bravo_cpp/serial_manipulator/kinodynamics_manipulator.h
-- Installing: /home/carlos/bravo5_cp_ws/src/install/bravo_cathode_protection/include/bravo_cathode_protection/bravo_cpp/serial_manipulator/kinodynamics_manipulator.cpp
-- Installing: /home/carlos/bravo5_cp_ws/src/install/bravo_cathode_protection/include/bravo_cathode_protection/bravo_cpp/bravo_handler
-- Installing: /home/carlos/bravo5_cp_ws/src/install/bravo_cathode_protection/include/bravo_cathode_protection/bravo_cpp/bravo_handler/bravo_handler_v2.cpp
-- Installing: /home/carlos/bravo5_cp_ws/src/install/bravo_cathode_protection/include/bravo_cathode_protection/bravo_cpp/bravo_handler/bravo_handler_v2.h
-- Installing: /home/carlos/bravo5_cp_ws/src/install/bravo_cathode_protection/include/bravo_cathode_protection/bravo_cpp/interaction
-- Installing: /home/carlos/bravo5_cp_ws/src/install/bravo_cathode_protection/include/bravo_cathode_protection/bravo_cpp/interaction/stiffness_control_position.h
-- Installing: /home/carlos/bravo5_cp_ws/src/install/bravo_cathode_protection/include/bravo_cathode_protection/bravo_cpp/interaction/stiffness_control_position.cpp
-- Installing: /home/carlos/bravo5_cp_ws/src/install/bravo_cathode_protection/include/bravo_cathode_protection/bravo_cpp/utils
-- Installing: /home/carlos/bravo5_cp_ws/src/install/bravo_cathode_protection/include/bravo_cathode_protection/bravo_cpp/utils/bravo_dashboard.h
-- Installing: /home/carlos/bravo5_cp_ws/src/install/bravo_cathode_protection/include/bravo_cathode_protection/bravo_cpp/utils/bravo_logger.cpp
-- Installing: /home/carlos/bravo5_cp_ws/src/install/bravo_cathode_protection/include/bravo_cathode_protection/bravo_cpp/utils/bravo_logger.h
-- Installing: /home/carlos/bravo5_cp_ws/src/install/bravo_cathode_protection/include/bravo_cathode_protection/bravo_cpp/utils/utils.h
-- Installing: /home/carlos/bravo5_cp_ws/src/install/bravo_cathode_protection/include/bravo_cathode_protection/bravo_cpp/utils/utils.cpp
-- Installing: /home/carlos/bravo5_cp_ws/src/install/bravo_cathode_protection/include/bravo_cathode_protection/bravo_cpp/utils/bravo_dashboard.cpp
-- Installing: /home/carlos/bravo5_cp_ws/src/install/bravo_cathode_protection/share/bravo_cathode_protection/config
-- Installing: /home/carlos/bravo5_cp_ws/src/install/bravo_cathode_protection/share/bravo_cathode_protection/config/program_params
-- Installing: /home/carlos/bravo5_cp_ws/src/install/bravo_cathode_protection/share/bravo_cathode_protection/config/program_params/bravo5_cp_fixed_axis_runtime.yaml
-- Installing: /home/carlos/bravo5_cp_ws/src/install/bravo_cathode_protection/share/bravo_cathode_protection/config/program_params/bravo5_cp_mobile_axis_runtime.yaml
-- Installing: /home/carlos/bravo5_cp_ws/src/install/bravo_cathode_protection/share/bravo_cathode_protection/config/joint_friction_params
-- Installing: /home/carlos/bravo5_cp_ws/src/install/bravo_cathode_protection/share/bravo_cathode_protection/config/joint_friction_params/joint_friction_bravo5.yaml
-- Installing: /home/carlos/bravo5_cp_ws/src/install/bravo_cathode_protection/share/bravo_cathode_protection/config/stiff_control_params
-- Installing: /home/carlos/bravo5_cp_ws/src/install/bravo_cathode_protection/share/bravo_cathode_protection/config/stiff_control_params/FAST_STRONG.json
-- Installing: /home/carlos/bravo5_cp_ws/src/install/bravo_cathode_protection/share/bravo_cathode_protection/config/stiff_control_params/FAST_WEAK.json
-- Installing: /home/carlos/bravo5_cp_ws/src/install/bravo_cathode_protection/share/bravo_cathode_protection/config/stiff_control_params/SLOW_STRONG.json
-- Installing: /home/carlos/bravo5_cp_ws/src/install/bravo_cathode_protection/share/bravo_cathode_protection/config/stiff_control_params/SLOW_WEAK.json
-- Installing: /home/carlos/bravo5_cp_ws/src/install/bravo_cathode_protection/share/bravo_cathode_protection/config/stiff_control_params/WEAK_LOW_STIFF.json
-- Installing: /home/carlos/bravo5_cp_ws/src/install/bravo_cathode_protection/share/bravo_cathode_protection/config/stiff_control_params/bravo5_cp_compliance_fixed_axis.yaml
-- Installing: /home/carlos/bravo5_cp_ws/src/install/bravo_cathode_protection/share/bravo_cathode_protection/config/stiff_control_params/bravo5_cp_compliance_mobile_axis.yaml
-- Installing: /home/carlos/bravo5_cp_ws/src/install/bravo_cathode_protection/share/bravo_cathode_protection/rviz
-- Installing: /home/carlos/bravo5_cp_ws/src/install/bravo_cathode_protection/share/bravo_cathode_protection/rviz/bravo5_cp.rviz
-- Installing: /home/carlos/bravo5_cp_ws/src/install/bravo_cathode_protection/share/bravo_cathode_protection/urdf
-- Installing: /home/carlos/bravo5_cp_ws/src/install/bravo_cathode_protection/share/bravo_cathode_protection/urdf/bravo_5_dynamics_pinocchio_cp.urdf
-- Installing: /home/carlos/bravo5_cp_ws/src/install/bravo_cathode_protection/share/bravo_cathode_protection/meshes
-- Installing: /home/carlos/bravo5_cp_ws/src/install/bravo_cathode_protection/share/bravo_cathode_protection/meshes/RS2-266_convex_hull.stl
-- Installing: /home/carlos/bravo5_cp_ws/src/install/bravo_cathode_protection/share/bravo_cathode_protection/meshes/RS2-217_convex_hull.stl
-- Installing: /home/carlos/bravo5_cp_ws/src/install/bravo_cathode_protection/share/bravo_cathode_protection/meshes/RS2-217.stl
-- Installing: /home/carlos/bravo5_cp_ws/src/install/bravo_cathode_protection/share/bravo_cathode_protection/meshes/RS2-268_convex_hull.stl
-- Installing: /home/carlos/bravo5_cp_ws/src/install/bravo_cathode_protection/share/bravo_cathode_protection/meshes/RS2-266.stl
-- Installing: /home/carlos/bravo5_cp_ws/src/install/bravo_cathode_protection/share/bravo_cathode_protection/meshes/RS2-250-212-214.stl
-- Installing: /home/carlos/bravo5_cp_ws/src/install/bravo_cathode_protection/share/bravo_cathode_protection/meshes/RS2-180_convex_hull.stl
-- Installing: /home/carlos/bravo5_cp_ws/src/install/bravo_cathode_protection/share/bravo_cathode_protection/meshes/RS2-268.stl
-- Installing: /home/carlos/bravo5_cp_ws/src/install/bravo_cathode_protection/share/bravo_cathode_protection/meshes/end_effectors
-- Installing: /home/carlos/bravo5_cp_ws/src/install/bravo_cathode_protection/share/bravo_cathode_protection/meshes/end_effectors/contact_sphere_convex_hull.stl
-- Installing: /home/carlos/bravo5_cp_ws/src/install/bravo_cathode_protection/share/bravo_cathode_protection/meshes/end_effectors/contact_sphere.stl
-- Installing: /home/carlos/bravo5_cp_ws/src/install/bravo_cathode_protection/share/bravo_cathode_protection/meshes/RS2-180.stl
-- Installing: /home/carlos/bravo5_cp_ws/src/install/bravo_cathode_protection/share/bravo_cathode_protection/meshes/RS2-250-212-214_convex_hull.stl
-- Up-to-date: /home/carlos/bravo5_cp_ws/src/install/bravo_cathode_protection/share/bravo_cathode_protection
-- Installing: /home/carlos/bravo5_cp_ws/src/install/bravo_cathode_protection/share/bravo_cathode_protection/view_bravo_5.launch.py
-- Installing: /home/carlos/bravo5_cp_ws/src/install/bravo_cathode_protection/lib/libairbus_joystick.so
-- Set runtime path of "/home/carlos/bravo5_cp_ws/src/install/bravo_cathode_protection/lib/libairbus_joystick.so" to ""
-- Installing: /home/carlos/bravo5_cp_ws/src/install/bravo_cathode_protection/share/bravo_cathode_protection/environment/library_path.sh
-- Installing: /home/carlos/bravo5_cp_ws/src/install/bravo_cathode_protection/share/bravo_cathode_protection/environment/library_path.dsv
-- Installing: /home/carlos/bravo5_cp_ws/src/install/bravo_cathode_protection/lib/libbravo_handler_v2.so
-- Set runtime path of "/home/carlos/bravo5_cp_ws/src/install/bravo_cathode_protection/lib/libbravo_handler_v2.so" to ""
-- Installing: /home/carlos/bravo5_cp_ws/src/install/bravo_cathode_protection/lib/libkinodynamics_manipulator.so
-- Set runtime path of "/home/carlos/bravo5_cp_ws/src/install/bravo_cathode_protection/lib/libkinodynamics_manipulator.so" to ""
-- Installing: /home/carlos/bravo5_cp_ws/src/install/bravo_cathode_protection/lib/libstiffness_control_position.so
-- Installing: /home/carlos/bravo5_cp_ws/src/install/bravo_cathode_protection/lib/bravo_cathode_protection/bravo5_gravity_and_joint_friction_identification
-- Set runtime path of "/home/carlos/bravo5_cp_ws/src/install/bravo_cathode_protection/lib/bravo_cathode_protection/bravo5_gravity_and_joint_friction_identification" to ""
-- Installing: /home/carlos/bravo5_cp_ws/src/install/bravo_cathode_protection/lib/bravo_cathode_protection/bravo5_cp_fixed_axis
-- Set runtime path of "/home/carlos/bravo5_cp_ws/src/install/bravo_cathode_protection/lib/bravo_cathode_protection/bravo5_cp_fixed_axis" to ""
-- Installing: /home/carlos/bravo5_cp_ws/src/install/bravo_cathode_protection/lib/bravo_cathode_protection/bravo5_cp_mobile_axis
-- Set runtime path of "/home/carlos/bravo5_cp_ws/src/install/bravo_cathode_protection/lib/bravo_cathode_protection/bravo5_cp_mobile_axis" to ""
-- Installing: /home/carlos/bravo5_cp_ws/src/install/bravo_cathode_protection/share/ament_index/resource_index/package_run_dependencies/bravo_cathode_protection
-- Installing: /home/carlos/bravo5_cp_ws/src/install/bravo_cathode_protection/share/ament_index/resource_index/parent_prefix_path/bravo_cathode_protection
-- Installing: /home/carlos/bravo5_cp_ws/src/install/bravo_cathode_protection/share/bravo_cathode_protection/environment/ament_prefix_path.sh
-- Installing: /home/carlos/bravo5_cp_ws/src/install/bravo_cathode_protection/share/bravo_cathode_protection/environment/ament_prefix_path.dsv
-- Installing: /home/carlos/bravo5_cp_ws/src/install/bravo_cathode_protection/share/bravo_cathode_protection/environment/path.sh
-- Installing: /home/carlos/bravo5_cp_ws/src/install/bravo_cathode_protection/share/bravo_cathode_protection/environment/path.dsv
-- Installing: /home/carlos/bravo5_cp_ws/src/install/bravo_cathode_protection/share/bravo_cathode_protection/local_setup.bash
-- Installing: /home/carlos/bravo5_cp_ws/src/install/bravo_cathode_protection/share/bravo_cathode_protection/local_setup.sh
-- Installing: /home/carlos/bravo5_cp_ws/src/install/bravo_cathode_protection/share/bravo_cathode_protection/local_setup.zsh
-- Installing: /home/carlos/bravo5_cp_ws/src/install/bravo_cathode_protection/share/bravo_cathode_protection/local_setup.dsv
-- Installing: /home/carlos/bravo5_cp_ws/src/install/bravo_cathode_protection/share/bravo_cathode_protection/package.dsv
-- Installing: /home/carlos/bravo5_cp_ws/src/install/bravo_cathode_protection/share/ament_index/resource_index/packages/bravo_cathode_protection
-- Installing: /home/carlos/bravo5_cp_ws/src/install/bravo_cathode_protection/share/bravo_cathode_protection/cmake/export_airbus_joystickExport.cmake
-- Installing: /home/carlos/bravo5_cp_ws/src/install/bravo_cathode_protection/share/bravo_cathode_protection/cmake/export_airbus_joystickExport-noconfig.cmake
-- Installing: /home/carlos/bravo5_cp_ws/src/install/bravo_cathode_protection/share/bravo_cathode_protection/cmake/export_bravo_handler_v2Export.cmake
-- Installing: /home/carlos/bravo5_cp_ws/src/install/bravo_cathode_protection/share/bravo_cathode_protection/cmake/export_bravo_handler_v2Export-noconfig.cmake
-- Installing: /home/carlos/bravo5_cp_ws/src/install/bravo_cathode_protection/share/bravo_cathode_protection/cmake/export_kinodynamics_manipulatorExport.cmake
-- Installing: /home/carlos/bravo5_cp_ws/src/install/bravo_cathode_protection/share/bravo_cathode_protection/cmake/export_kinodynamics_manipulatorExport-noconfig.cmake
-- Installing: /home/carlos/bravo5_cp_ws/src/install/bravo_cathode_protection/share/bravo_cathode_protection/cmake/export_stiffness_control_positionExport.cmake
-- Installing: /home/carlos/bravo5_cp_ws/src/install/bravo_cathode_protection/share/bravo_cathode_protection/cmake/export_stiffness_control_positionExport-noconfig.cmake
-- Installing: /home/carlos/bravo5_cp_ws/src/install/bravo_cathode_protection/share/bravo_cathode_protection/cmake/ament_cmake_export_libraries-extras.cmake
-- Installing: /home/carlos/bravo5_cp_ws/src/install/bravo_cathode_protection/share/bravo_cathode_protection/cmake/ament_cmake_export_include_directories-extras.cmake
-- Installing: /home/carlos/bravo5_cp_ws/src/install/bravo_cathode_protection/share/bravo_cathode_protection/cmake/ament_cmake_export_targets-extras.cmake
-- Installing: /home/carlos/bravo5_cp_ws/src/install/bravo_cathode_protection/share/bravo_cathode_protection/cmake/ament_cmake_export_dependencies-extras.cmake
-- Installing: /home/carlos/bravo5_cp_ws/src/install/bravo_cathode_protection/share/bravo_cathode_protection/cmake/bravo_cathode_protectionConfig.cmake
-- Installing: /home/carlos/bravo5_cp_ws/src/install/bravo_cathode_protection/share/bravo_cathode_protection/cmake/bravo_cathode_protectionConfig-version.cmake
-- Installing: /home/carlos/bravo5_cp_ws/src/install/bravo_cathode_protection/share/bravo_cathode_protection/package.xml
